baumbach@mintmath ~ $ ./sigch
^Z
[3]+  Stopped                 ./sigch
baumbach@mintmath ~ $ bg
[3]+ ./sigch &
baumbach@mintmath ~ $ fg
./sigch
, 15, 14, 13, 12, 10, 6, 3, 21, 31, 11, 8, 7, 5, 4, 30, 29, 28, 27, 26, 25, 24,
23, 18, 17, 16, 15, 14, 13, 12, 10, 6, 3, 21, 31, 11, 8, 7, 5, 4, 30, 29, 28, 27
, 26, 25, 24, 23, 18, 17, 16, 15, 14, 13, 12, 10, 6, 3, 21, 31, 11, 8, 7, 5, 4,
30, 29, 28, 27, 26, 25, 24, 23, 18, 17, 16, 15, 14, 13, 12, 10, 6, 3, 21, 31, 11
, 8, 7, 5, 4, 30, 29, 28, 27, 26, 25, 24, 23, 22, 17, 16, 15, 14, 13, 12, 10, 6,
 3, 21, 31, 11, 8, 7, 5, 4, 30, 29, 28, 27, 26, 25, 24, 23, 18, 17, 16, 15, 14,
13, 12, 10, 6, 3, 21, 31, 11, 8, 7, 5, 4, 18, 17, 16, 15, 14, 13, 12, 10, 6, 3,
21, 11, 8, 7, 5, 4, 30, 29, 28, 27, 26, 25, 24, 23, 22, 31, 30, 29, 28, 27, 26,
25, 24, 23, 18, 17, 16, 15, 14, 13, 12, 10, 6, 3, 21, 31, 11, 8, 7, 5, 4, 30, 29
, 28, 27, 26, 25, 24, 23, 22, 17, 16, 15, 14, 13, 12, 10, 6, 3, 21, 31, 11, 8, 7
, 5, 4, 30, 29, 28, 27, 26, 25, 24, 23, 18, 17, 16, 15, 14, 13, 12, 10, 6, 3, 21
, 31, 11, 8, 7, 5, 4, 30, 29, 28, 27, 26, 25, 24, 23, 18, 17, 16, 15, 14, 13, 12
, 10, 6, 3, 21, 31, 11, 8, 7, 5, 4, 30, 29, 28, 27, 26, 25, 24, 23, 22, 17, 16,
15, 14, 13, 12, 10, 6, 3, 21, 31, 11, 8, 7, 5, 4, 30, 29, 28, 27, 26, 25, 24, 23
, 18, 17, 16, 15, 14, 13, 12, 10, 6, 3, 21, 31, 11, 8, 7, 5, 4, 30, 29, 28, 27,
26, 25, 24, 23, 18, 17, 16, 15, 14, 13, 12, 10, 6, 3, 21, 31, 11, 8, 7, 5, 4, 30
, 29, 28, 27, 26, 25, 24, 23, 18, 17, 16, 15, 14, 13, 12, 10, 6, 3, 21, 31, 11,
8, 7, 5, 4, 30, 29, 28, 27, 26, 25, 24, 23, 18, 17, 16, 15, 14, 13, 12, 10, 6, 3
, 21, 31, 11, 8, 7, 5, 4, 30, 29, 28, 27, 26, 25, 24, 23, 22, 17, 16, 15, 14, 13
, 12, 10, 6, 3, 21, 31, 11, 8, 7, 5, 4, 30, 29, 28, 27, 26, 25, 24, 23, 18, 17,
16, 15, 14, 13, 12, 10, 6, 3, 21, 31, 11, 8, 7, 5, 4, 30, 29, 28, 27, 26, 25, 24
, 23, 22, 17, 16, 15, 14, 13, 12, 10, 6, 3, 21, 31, 11, 8, 7, 5, 4, 30, 29, 28,
27, 26, 25, 24, 23, 18, 17, 16, 15, 14, 13, 12, 10, 6, 3, 21, 31, 11, 8, 7, 5, 4
, 30, 29, 28, 27, 26, 25, 24, 23, 18, 17, 16, 15, 14, 13, 12, 10, 6, 3, 21, 31,
11, 8, 7, 5, 4, 30, 29, 28, 27, 26, 25, 24, 23, 18, 17, 16, 15, 14, 13, 12, 10,
6, 3, 21, 31, 11, 8, 7, 5, 4, 30, 29, 28, 27, 26, 25, 24, 23, 22, 17, 16, 15, 14
, 13, 12, 10, 6, 3, 21, 30, 29, 28, 27, 26, 25, 24, 23, 18, 17, 16, 15, 14, 13,
12, 10, 6, 3, 21, 31, 31, 11, 11, 8, 8, 7, 7, 5, 5, 4, 4, 30, 29, 28, 27, 26, 25
, 24, 23, 18, 17, 16, 15, 14, 13, 12, 10, 6, 3, 21, 31, 11, 8, 7, 5, 4, 30, 29,
28, 27, 26, 25, 24, 23, 18, 17, 16, 15, 14, 13, 12, 10, 6, 3, 21, 31, 11, 8, 7,
5, 4, 30, 29, 28, 27, 26, 25, 24, 23, 18, 17, 16, 15, 14, 13, 12, 10, 6, 3, 21,
31, 11, 8, 7, 5, 4, 30, 29, 28, 27, 26, 25, 24, 23, 18, 17, 16, 15, 14, 13, 12,
10, 6, 3, 21, 31, 11, 8, 7, 5, 4, 30, 29, 28, 27, 26, 25, 24, 23, 22, 17, 16, 15
, 14, 13, 12, 10, 6, 3, 21, 31, 11, 8, 7, 5, 4, 30, 29, 28, 27, 26, 25, 24, 23,
22, 17, 16, 15, 14, 13, 12, 10, 6, 3, 21, 31, 11, 8, 7, 5, 4, 30, 29, 28, 27, 26
, 25, 24, 23, 18, 17, 16, 15, 14, 13, 12, 10, 6, 3, 21, 31, 11, 8, 7, 5, 4, 30,
29, 28, 27, 26, 25, 24, 23, 18, 17, 16, 15, 14, 13, 12, 10, 6, 3, 21, 31, 11, 8,
 7, 5, 4, 30, 29, 28, 27, 26, 25, 24, 23, 18, 17, 16, 15, 14, 13, 12, 10, 6, 3,
21, 31, 11, 8, 7, 5, 4, 30, 29, 28, 27, 26, 25, 24, 23, 22, 17, 16, 15, 14, 13,
12, 10, 6, 3, 21, 31, 11, 8, 7, 5, 4, 30, 29, 28, 27, 26, 25, 24, 23, 18, 17, 16
, 15, 14, 13, 12, 10, 6, 3, 21, 31, 11, 8, 7, 5, 4, 30, 29, 28, 27, 26, 25, 24,
23, 22, 17, 16, 15, 14, 13, 12, 10, 6, 3, 21, 31, 11, 8, 7, 5, 4, 30, 29, 28, 27
, 26, 25, 24, 23, 18, 17, 16, 15, 14, 13, 12, 10, 6, 3, 21, 31, 11, 8, 7, 5, 4,
30, 29, 28, 27, 26, 25, 24, 23, 22, 17, 16, 15, 14, 13, 12, 10, 6, 3, 21, 31, 11
, 8, 7, 5, 4, 30, 29, 28, 27, 26, 25, 24, 23, 18, 17, 16, 15, 14, 13, 12, 10, 6,
 3, 21, 31, 11, 8, 7, 5, 4, 30, 29, 28, 27, 26, 25, 24, 23, 22, 17, 16, 15, 14,
13, 12, 10, 6, 3, 21, 31, 11, 8, 7, 5, 4, 30, 29, 28, 27, 26, 25, 24, 23, 18, 17
, 16, 15, 14, 13, 12, 10, 6, 3, 21, 31, 11, 8, 7, 5, 4, 30, 29, 28, 27, 26, 25,
24, 23, 18, 17, 16, 15, 14, 13, 12, 10, 6, 3, 21, 31, 11, 8, 7, 5, 4, 30, 29, 28
, 27, 26, 25, 24, 23, 18, 17, 16, 15, 14, 13, 12, 10, 6, 3, 21, 31, 11, 8, 7, 5,
 4, 30, 29, 28, 27, 26, 25, 24, 23, 18, 17, 16, 15, 14, 13, 12, 10, 6, 3, 21, 31
, 11, 8, 7, 5, 4, 30, 29, 28, 27, 26, 25, 24, 23, 18, 17, 16, 15, 14, 13, 12, 10
, 6, 3, 21, 31, 11, 8, 7, 5, 4, 30, 29, 28, 27, 26, 25, 24, 23, 18, 17, 16, 15,
14, 13, 12, 10, 6, 3, 21, 31, 11, 8, 7, 5, 4, 30, 29, 28, 27, 26, 25, 24, 23, 18
, 17, 16, 15, 14, 13, 12, 10, 6, 3, 21, 31, 11, 8, 7, 5, 4, 30, 29, 28, 27, 26,
25, 24, 23, 18, 17, 16, 15, 14, 13, 12, 10, 6, 3, 21, 31, 11, 8, 7, 5, 4, 30, 29
, 28, 27, 26, 25, 24, 23, 18, 17, 16, 15, 14, 13, 12, 10, 6, 3, 21, 31, 11, 8, 7
, 5, 4, 30, 29, 28, 27, 26, 25, 24, 23, 18, 17, 16, 15, 14, 13, 12, 10, 6, 3, 21
, 31, 11, 8, 7, 5, 4, 30, 29, 28, 27, 26, 25, 24, 23, 18, 17, 16, 15, 14, 13, 12
, 10, 6, 3, 21, 31, 11, 8, 7, 5, 4, 30, 29, 28, 27, 26, 25, 24, 23, 22, 17, 16,
15, 14, 13, 12, 10, 6, 3, 21, 31, 11, 8, 7, 5, 4, 30, 29, 28, 27, 26, 25, 24, 23
, 18, 17, 16, 15, 14, 13, 12, 10, 6, 3, 21, 31, 11, 8, 7, 5, 4, 30, 29, 28, 27,
26, 25, 24, 23, 22, 17, 16, 15, 14, 13, 12, 10, 6, 3, 21, 31, 11, 8, 7, 5, 4, 30
, 29, 28, 27, 26, 25, 24, 23, 18, 17, 16, 15, 14, 13, 12, 10, 6, 3, 21, 31, 11,
8, 7, 5, 4, 30, 29, 28, 27, 26, 25, 24, 23, 22, 17, 16, 15, 14, 13, 12, 10, 6, 3
, 21, 31, 11, 8, 7, 5, 4, 30, 29, 28, 27, 26, 25, 24, 23, 18, 17, 16, 15, 14, 13
, 12, 10, 6, 3, 21, 31, 11, 8, 7, 5, 4, 30, 29, 28, 27, 26, 25, 24, 23, 22, 17,
16, 15, 14, 13, 12, 10, 6, 3, 21, 31, 11, 8, 7, 5, 4, 30, 29, 28, 27, 26, 25, 24
, 23, 18, 17, 16, 15, 14, 13, 12, 10, 6, 3, 21, 31, 11, 8, 7, 5, 4, 30, 29, 28,
27, 26, 25, 24, 23, 18, 17, 16, 15, 14, 13, 12, 10, 6, 3, 21, 31, 11, 8, 7, 5, 4
, 30, 29, 28, 27, 26, 25, 24, 23, 18, 17, 16, 15, 14, 13, 12, 10, 6, 3, 21, 31,
11, 8, 7, 5, 4, 30, 29, 28, 27, 26, 25, 24, 23, 22, 17, 16, 15, 14, 13, 12, 10,
6, 3, 21, 31, 11, 8, 7, 5, 4, 30, 29, 28, 27, 26, 25, 24, 23, 22, 17, 16, 15, 14
, 13, 12, 10, 6, 3, 21, 31, 11, 8, 7, 5, 4, 30, 29, 28, 27, 26, 25, 24, 23, 18,
17, 16, 15, 14, 13, 12, 10, 6, 3, 21, 31, 11, 8, 7, 5, 4, 30, 29, 28, 27, 26, 25
, 24, 23, 18, 17, 16, 15, 14, 13, 12, 10, 6, 3, 21, 31, 11, 8, 7, 5, 4, 30, 29,
28, 27, 26, 25, 24, 23, 22, 17, 16, 15, 14, 13, 12, 10, 6, 3, 21, 31, 11, 8, 7,
5, 4, 30, 29, 28, 27, 26, 25, 24, 23, 22, 17, 16, 15, 14, 13, 12, 10, 6, 3, 21,
31, 11, 8, 7, 5, 4, 30, 29, 28, 27, 26, 25, 24, 23, 18, 17, 16, 15, 14, 13, 12,
10, 6, 3, 21, 31, 11, 8, 7, 5, 4, 30, 29, 28, 27, 26, 25, 24, 23, 18, 17, 16, 15
, 14, 13, 12, 10, 6, 3, 21, 31, 11, 8, 7, 5, 4, 30, 29, 28, 27, 26, 25, 24, 23,
22, 17, 16, 15, 14, 13, 12, 10, 6, 3, 21, 31, 11, 8, 7, 5, 4, 30, 29, 28, 27, 26
, 25, 24, 23, 18, 17, 16, 15, 14, 13, 12, 10, 6, 3, 21, 31, 11, 8, 7, 5, 4, 30,
29, 28, 27, 26, 25, 24, 23, 18, 17, 16, 15, 14, 13, 12, 10, 6, 3, 21, 31, 11, 8,
 7, 5, 4, 30, 29, 28, 27, 26, 25, 24, 23, 22, 17, 16, 15, 14, 13, 12, 10, 6, 3,
21, 31, 11, 8, 7, 5, 4, 30, 29, 28, 27, 26, 25, 24, 23, 18, 17, 16, 15, 14, 13,
12, 10, 6, 3, 21, 31, 11, 8, 7, 5, 4, 30, 29, 28, 27, 26, 25, 24, 23, 18, 17, 16
, 15, 14, 13, 12, 10, 6, 3, 21, 31, 11, 8, 7, 5, 4, 30, 29, 28, 27, 26, 25, 24,
23, 22, 17, 16, 15, 14, 13, 12, 10, 6, 3, 21, 31, 11, 8, 7, 5, 4, 30, 29, 28, 27
, 26, 25, 24, 23, 18, 17, 16, 15, 14, 13, 12, 10, 6, 3, 21, 31, 11, 8, 7, 5, 4,
30, 29, 28, 27, 26, 25, 24, 23, 18, 17, 16, 15, 14, 13, 12, 10, 6, 3, 21, 31, 11
, 8, 7, 5, 4, 30, 29, 28, 27, 26, 25, 24, 23, 18, 17, 16, 15, 14, 13, 12, 10, 6,
 3, 21, 31, 11, 8, 7, 5, 4, 30, 29, 28, 27, 26, 25, 24, 23, 18, 17, 16, 15, 14,
13, 12, 10, 6, 3, 21, 31, 11, 8, 7, 5, 4, 30, 29, 28, 27, 26, 25, 24, 23, 18, 17
, 16, 15, 14, 13, 12, 10, 6, 3, 21, 31, 11, 8, 7, 5, 4, 30, 29, 28, 27, 26, 25,
24, 23, 18, 17, 16, 15, 14, 13, 12, 10, 6, 3, 21, 31, 11, 8, 7, 5, 4, 30, 29, 28
, 27, 26, 25, 24, 23, 22, 17, 16, 15, 14, 13, 12, 10, 6, 3, 21, 31, 11, 8, 7, 5,
 4, 30, 29, 28, 27, 26, 25, 24, 23, 22, 17, 16, 15, 14, 13, 12, 10, 6, 3, 21, 31
, 11, 8, 7, 5, 4, 30, 29, 28, 27, 26, 25, 24, 23, 18, 17, 16, 15, 14, 13, 12, 10
, 6, 3, 21, 31, 11, 8, 7, 5, 4, 30, 29, 28, 27, 26, 25, 24, 23, 18, 17, 16, 15,
14, 13, 12, 10, 6, 3, 21, 31, 11, 8, 7, 5, 4, 30, 29, 28, 27, 26, 25, 24, 23, 18
, 17, 16, 15, 14, 13, 12, 10, 6, 3, 21, 31, 11, 8, 7, 5, 4, 30, 29, 28, 27, 26,
25, 24, 23, 18, 17, 16, 15, 14, ^Z
[2]+  Stopped                 ./sigch
